The target system is: Generic - 0.0.0 - 
The host system is: Windows - 10.0.19045 - AMD64
Compiling the C compiler identification source file "CMakeCCompilerId.c" succeeded.
Compiler: G:/tools/x86_64-elf-tools-windows/bin/x86_64-elf-gcc.exe 
Build flags: -g;-c;-O0;-m32;-fno-pie;-fno-stack-protector;-fno-asynchronous-unwind-tables
Id flags:  

The output was:
0


Compilation of the C compiler identification source "CMakeCCompilerId.c" produced "CMakeCCompilerId.o"

The C compiler identification is GNU, found in "G:/github/os_plus/build/CMakeFiles/3.20.21032501-MSVC_2/CompilerIdC/CMakeCCompilerId.o"

Determining if the C compiler works passed with the following output:
Change Dir: G:/github/os_plus/build/CMakeFiles/CMakeTmp

Run Build Command(s):G:/tools/x86_64-elf-tools-windows/bin/make.exe -f Makefile cmTC_23797/fast && G:/tools/x86_64-elf-tools-windows/bin/make.exe  -f CMakeFiles/cmTC_23797.dir/build.make CMakeFiles/cmTC_23797.dir/build
make[1]: Entering directory 'G:/github/os_plus/build/CMakeFiles/CMakeTmp'
Building C object CMakeFiles/cmTC_23797.dir/testCCompiler.c.obj
G:/tools/x86_64-elf-tools-windows/bin/x86_64-elf-gcc.exe   -g -c -O0 -m32 -fno-pie -fno-stack-protector -fno-asynchronous-unwind-tables  -o CMakeFiles/cmTC_23797.dir/testCCompiler.c.obj -c G:/github/os_plus/build/CMakeFiles/CMakeTmp/testCCompiler.c
Linking C executable cmTC_23797
G:/tools/x86_64-elf-tools-windows/bin/x86_64-elf-gcc.exe -g -c -O0 -m32 -fno-pie -fno-stack-protector -fno-asynchronous-unwind-tables  "CMakeFiles/cmTC_23797.dir/testCCompiler.c.obj"  -o cmTC_23797 
x86_64-elf-gcc.exe: warning: CMakeFiles/cmTC_23797.dir/testCCompiler.c.obj: linker input file unused because linking not done
make[1]: Leaving directory 'G:/github/os_plus/build/CMakeFiles/CMakeTmp'



Checking whether the ASM compiler is GNU using "--version" matched "(GNU assembler)|(GCC)|(Free Software Foundation)":
x86_64-elf-gcc.exe (GCC) 7.1.0
Copyright (C) 2017 Free Software Foundation, Inc.
This is free software; see the source for copying conditions.  There is NO
warranty; not even for MERCHANTABILITY or FITNESS FOR A PARTICULAR PURPOSE.

